TN:
SF:src\model\RichCrashReport.ts
FN:41,unfoldRichStackTrace
FN:86,javaClassFullName
FN:90,javaMethodSimpleName
FN:94,javaMethodFullNameName
FNF:4
FNH:0
FNDA:0,unfoldRichStackTrace
FNDA:0,javaClassFullName
FNDA:0,javaMethodSimpleName
FNDA:0,javaMethodFullNameName
DA:1,1
DA:2,1
DA:3,1
DA:4,1
DA:5,1
DA:6,1
DA:7,1
DA:8,1
DA:9,1
DA:10,1
DA:11,1
DA:12,1
DA:13,1
DA:14,1
DA:15,1
DA:16,1
DA:17,1
DA:18,1
DA:19,1
DA:20,1
DA:21,1
DA:22,1
DA:23,1
DA:24,1
DA:25,1
DA:26,1
DA:27,1
DA:28,1
DA:29,1
DA:30,1
DA:31,1
DA:32,1
DA:33,1
DA:34,1
DA:35,1
DA:36,1
DA:37,1
DA:38,1
DA:39,1
DA:40,1
DA:41,1
DA:42,0
DA:43,0
DA:44,0
DA:45,0
DA:46,0
DA:47,0
DA:48,0
DA:49,0
DA:50,1
DA:51,1
DA:52,1
DA:53,1
DA:54,1
DA:55,1
DA:56,1
DA:57,1
DA:58,1
DA:59,1
DA:60,1
DA:61,1
DA:62,1
DA:63,1
DA:64,1
DA:65,1
DA:66,1
DA:67,1
DA:68,1
DA:69,1
DA:70,1
DA:71,1
DA:72,1
DA:73,1
DA:74,1
DA:75,1
DA:76,1
DA:77,1
DA:78,1
DA:79,1
DA:80,1
DA:81,1
DA:82,1
DA:83,1
DA:84,1
DA:85,1
DA:86,1
DA:87,0
DA:88,0
DA:89,1
DA:90,1
DA:91,0
DA:92,0
DA:93,1
DA:94,1
DA:95,0
DA:96,0
DA:97,1
DA:98,1
DA:99,1
DA:100,1
DA:101,1
DA:102,1
DA:103,1
DA:104,1
DA:105,1
DA:106,1
DA:107,1
DA:108,1
DA:109,1
DA:110,1
DA:111,1
DA:112,1
DA:113,1
DA:114,1
DA:115,1
DA:116,1
DA:117,1
DA:118,1
DA:119,1
DA:120,1
DA:121,1
DA:122,1
DA:123,1
DA:124,1
DA:125,1
DA:126,1
LF:126
LH:112
BRDA:107,0,0,1
BRDA:119,1,0,1
BRF:2
BRH:2
end_of_record
TN:
SF:src\parser\CrashReportEnricher.ts
FN:21,parseCrashReportRich
FN:25,enrichCrashReport
FN:44,getCrashContext
FN:60,parseOperatingSystem
FN:86,getLoader
FN:124,parseCrashDate
FN:149,enrichCrashReportSection
FN:162,enrichStackTrace
FN:170,enrichStackTraceMessage
FN:179,enrichStackTraceElements
FN:198,parseForgeTraceMetadata
FN:239,parseTraceCall
FN:248,parseTraceLine
FN:257,splitForgeMetadata
FN:265,removeSuffix
FN:269,parseJavaMethod
FN:279,parseJavaClass
FN:291,getSystemDetails
FN:295,getMods
FN:309,getSuspectedModIds
FN:320,parseFabricMods
FN:348,removeLastChar
FN:352,withoutLast
FN:356,last
FN:360,parseForgeMods
FNF:25
FNH:19
FNDA:0,parseCrashReportRich
FNDA:1,enrichCrashReport
FNDA:1,getCrashContext
FNDA:1,parseOperatingSystem
FNDA:1,getLoader
FNDA:1,parseCrashDate
FNDA:4,enrichCrashReportSection
FNDA:1,enrichStackTrace
FNDA:1,enrichStackTraceMessage
FNDA:3,enrichStackTraceElements
FNDA:0,parseForgeTraceMetadata
FNDA:38,parseTraceCall
FNDA:38,parseTraceLine
FNDA:0,splitForgeMetadata
FNDA:1,removeSuffix
FNDA:38,parseJavaMethod
FNDA:39,parseJavaClass
FNDA:2,getSystemDetails
FNDA:1,getMods
FNDA:0,getSuspectedModIds
FNDA:0,parseFabricMods
FNDA:38,removeLastChar
FNDA:77,withoutLast
FNDA:77,last
FNDA:0,parseForgeMods
DA:1,1
DA:2,1
DA:3,1
DA:4,1
DA:5,1
DA:6,1
DA:7,1
DA:8,1
DA:9,1
DA:10,1
DA:11,1
DA:12,1
DA:13,1
DA:14,1
DA:15,1
DA:16,1
DA:17,1
DA:18,1
DA:19,1
DA:20,1
DA:21,1
DA:22,0
DA:23,0
DA:24,1
DA:25,1
DA:26,1
DA:27,1
DA:28,1
DA:29,1
DA:30,1
DA:31,1
DA:32,1
DA:33,1
DA:34,1
DA:35,1
DA:36,1
DA:37,1
DA:38,1
DA:39,1
DA:40,1
DA:41,1
DA:42,1
DA:43,1
DA:44,1
DA:45,1
DA:46,1
DA:47,1
DA:48,1
DA:49,1
DA:50,1
DA:51,1
DA:52,1
DA:53,1
DA:54,1
DA:55,1
DA:56,1
DA:57,1
DA:58,1
DA:59,1
DA:60,1
DA:61,1
DA:62,1
DA:63,1
DA:64,1
DA:65,1
DA:66,1
DA:67,1
DA:68,1
DA:69,1
DA:70,1
DA:71,1
DA:72,0
DA:73,0
DA:74,0
DA:75,0
DA:76,0
DA:77,0
DA:78,0
DA:79,0
DA:80,0
DA:81,0
DA:82,0
DA:83,0
DA:84,1
DA:85,1
DA:86,1
DA:87,1
DA:88,1
DA:89,0
DA:90,0
DA:91,0
DA:92,0
DA:93,0
DA:94,0
DA:95,1
DA:96,1
DA:97,0
DA:98,0
DA:99,0
DA:100,0
DA:101,0
DA:102,0
DA:103,1
DA:104,1
DA:105,1
DA:106,1
DA:107,1
DA:108,1
DA:109,1
DA:110,1
DA:111,1
DA:112,1
DA:113,1
DA:114,0
DA:115,0
DA:116,0
DA:117,0
DA:118,0
DA:119,1
DA:120,1
DA:121,1
DA:122,1
DA:123,1
DA:124,1
DA:125,1
DA:126,1
DA:127,1
DA:128,1
DA:129,1
DA:130,1
DA:131,1
DA:132,1
DA:133,1
DA:134,1
DA:135,1
DA:136,1
DA:137,1
DA:138,1
DA:139,1
DA:140,1
DA:141,1
DA:142,1
DA:143,1
DA:144,1
DA:145,1
DA:146,1
DA:147,1
DA:148,1
DA:149,4
DA:150,4
DA:151,4
DA:152,4
DA:153,57
DA:154,57
DA:155,3
DA:156,3
DA:157,3
DA:158,4
DA:159,4
DA:160,4
DA:161,1
DA:162,1
DA:163,1
DA:164,1
DA:165,1
DA:166,1
DA:167,1
DA:168,1
DA:169,1
DA:170,1
DA:171,1
DA:172,1
DA:173,1
DA:174,1
DA:175,1
DA:176,1
DA:177,1
DA:178,1
DA:179,3
DA:180,3
DA:181,3
DA:182,38
DA:183,38
DA:184,38
DA:185,38
DA:186,38
DA:187,38
DA:188,38
DA:189,38
DA:190,38
DA:191,38
DA:192,38
DA:193,38
DA:194,38
DA:195,3
DA:196,3
DA:197,1
DA:198,0
DA:199,0
DA:200,0
DA:201,0
DA:202,0
DA:203,0
DA:204,0
DA:205,0
DA:206,0
DA:207,0
DA:208,0
DA:209,0
DA:210,0
DA:211,0
DA:212,0
DA:213,0
DA:214,0
DA:215,0
DA:216,0
DA:217,0
DA:218,0
DA:219,0
DA:220,0
DA:221,0
DA:222,0
DA:223,0
DA:224,0
DA:225,0
DA:226,0
DA:227,0
DA:228,0
DA:229,0
DA:230,0
DA:231,0
DA:232,0
DA:233,0
DA:234,0
DA:235,0
DA:236,0
DA:237,0
DA:238,1
DA:239,38
DA:240,38
DA:241,38
DA:242,38
DA:243,38
DA:244,38
DA:245,38
DA:246,38
DA:247,1
DA:248,38
DA:249,38
DA:250,38
DA:251,38
DA:252,38
DA:253,38
DA:254,38
DA:255,38
DA:256,1
DA:257,0
DA:258,0
DA:259,0
DA:260,0
DA:261,0
DA:262,0
DA:263,0
DA:264,1
DA:265,1
DA:266,1
DA:267,1
DA:268,1
DA:269,38
DA:270,38
DA:271,38
DA:272,38
DA:273,38
DA:274,38
DA:275,38
DA:276,38
DA:277,38
DA:278,1
DA:279,39
DA:280,39
DA:281,39
DA:282,39
DA:283,39
DA:284,39
DA:285,1
DA:286,1
DA:287,1
DA:288,1
DA:289,1
DA:290,1
DA:291,2
DA:292,2
DA:293,2
DA:294,1
DA:295,1
DA:296,1
DA:297,1
DA:298,1
DA:299,1
DA:300,1
DA:301,1
DA:302,1
DA:303,1
DA:304,0
DA:305,0
DA:306,1
DA:307,1
DA:308,1
DA:309,0
DA:310,0
DA:311,0
DA:312,0
DA:313,0
DA:314,0
DA:315,0
DA:316,0
DA:317,0
DA:318,0
DA:319,1
DA:320,0
DA:321,0
DA:322,0
DA:323,0
DA:324,0
DA:325,0
DA:326,0
DA:327,0
DA:328,0
DA:329,0
DA:330,0
DA:331,0
DA:332,0
DA:333,0
DA:334,0
DA:335,0
DA:336,0
DA:337,0
DA:338,0
DA:339,0
DA:340,0
DA:341,0
DA:342,0
DA:343,0
DA:344,0
DA:345,0
DA:346,0
DA:347,1
DA:348,38
DA:349,38
DA:350,38
DA:351,1
DA:352,77
DA:353,77
DA:354,77
DA:355,1
DA:356,77
DA:357,77
DA:358,77
DA:359,1
DA:360,0
DA:361,0
DA:362,0
DA:363,0
DA:364,0
DA:365,0
DA:366,0
DA:367,0
DA:368,0
DA:369,0
DA:370,0
DA:371,0
DA:372,0
DA:373,0
DA:374,0
DA:375,0
DA:376,0
DA:377,0
DA:378,0
LF:378
LH:242
BRDA:25,0,0,1
BRDA:32,1,0,4
BRDA:44,2,0,1
BRDA:60,3,0,1
BRDA:66,4,0,0
BRDA:71,5,0,0
BRDA:86,6,0,1
BRDA:88,7,0,0
BRDA:96,8,0,0
BRDA:113,9,0,0
BRDA:124,10,0,1
BRDA:128,11,0,0
BRDA:129,12,0,0
BRDA:133,13,0,0
BRDA:134,14,0,0
BRDA:138,15,0,0
BRDA:141,16,0,0
BRDA:149,17,0,4
BRDA:150,18,0,1
BRDA:150,19,0,3
BRDA:152,20,0,57
BRDA:155,21,0,3
BRDA:158,22,0,2
BRDA:158,23,0,2
BRDA:162,24,0,1
BRDA:164,25,0,0
BRDA:170,26,0,1
BRDA:179,27,0,3
BRDA:181,28,0,38
BRDA:183,29,0,0
BRDA:185,30,0,0
BRDA:188,31,0,0
BRDA:193,32,0,0
BRDA:195,33,0,38
BRDA:195,34,0,38
BRDA:239,35,0,38
BRDA:248,36,0,38
BRDA:252,37,0,36
BRDA:252,38,0,2
BRDA:253,39,0,36
BRDA:253,40,0,2
BRDA:265,41,0,1
BRDA:266,42,0,0
BRDA:269,43,0,38
BRDA:279,44,0,39
BRDA:291,45,0,2
BRDA:292,46,0,8
BRDA:295,47,0,1
BRDA:303,48,0,0
BRDA:306,49,0,0
BRDA:348,50,0,38
BRDA:352,51,0,77
BRDA:356,52,0,77
BRF:53
BRH:34
end_of_record
TN:
SF:src\parser\CrashReportParser.ts
FN:6,StringBuilder
FN:10,append
FN:15,parseCrashReport
FN:56,parseWittyComment
FN:61,parseTime
FN:66,parseDescription
FN:71,parseStackTrace
FN:87,parseStackTraceElements
FN:95,parseStackTraceElement
FN:109,parseSections
FN:117,parseSection
FN:133,parseSectionThread
FN:142,parseSectionDetails
FN:156,parseSectionStacktrace
FN:166,parseSectionElement
FN:182,skipChars
FN:188,current
FN:192,readLine
FN:198,skip
FN:207,skipLine
FN:211,skipEmptyLine
FN:216,skipString
FN:221,skipNumber
FN:225,nextIsString
FN:232,readUntilNextChar
FN:240,buildString
FN:246,next
FN:250,isEof
FN:254,readCurrent
FN:260,currentAndNext
FN:264,skipUntilAfterChar
FN:272,readUntilChar
FN:280,readUntilEither
FNF:33
FNH:33
FNDA:161,StringBuilder
FNDA:5559,append
FNDA:1,parseCrashReport
FNDA:1,parseWittyComment
FNDA:1,parseTime
FNDA:1,parseDescription
FNDA:1,parseStackTrace
FNDA:3,parseStackTraceElements
FNDA:38,parseStackTraceElement
FNDA:1,parseSections
FNDA:4,parseSection
FNDA:4,parseSectionThread
FNDA:4,parseSectionDetails
FNDA:4,parseSectionStacktrace
FNDA:57,parseSectionElement
FNDA:5,skipChars
FNDA:11797,current
FNDA:100,readLine
FNDA:6053,skip
FNDA:120,skipLine
FNDA:4,skipEmptyLine
FNDA:98,skipString
FNDA:98,skipNumber
FNDA:51,nextIsString
FNDA:4,readUntilNextChar
FNDA:161,buildString
FNDA:103,next
FNDA:6000,isEof
FNDA:5559,readCurrent
FNDA:56,currentAndNext
FNDA:120,skipUntilAfterChar
FNDA:57,readUntilChar
FNDA:100,readUntilEither
DA:1,1
DA:2,1
DA:3,1
DA:4,1
DA:5,1
DA:6,1
DA:7,161
DA:8,161
DA:9,1
DA:10,1
DA:11,5559
DA:12,5559
DA:13,1
DA:14,1
DA:15,1
DA:16,1
DA:17,1
DA:18,1
DA:19,1
DA:20,1
DA:21,1
DA:22,1
DA:23,1
DA:24,1
DA:25,1
DA:26,1
DA:27,1
DA:28,1
DA:29,1
DA:30,1
DA:31,1
DA:32,1
DA:33,1
DA:34,1
DA:35,1
DA:36,1
DA:37,1
DA:38,1
DA:39,1
DA:40,1
DA:41,1
DA:42,1
DA:43,1
DA:44,1
DA:45,1
DA:46,1
DA:47,1
DA:48,1
DA:49,1
DA:50,1
DA:51,1
DA:52,1
DA:53,1
DA:54,1
DA:55,1
DA:56,1
DA:57,1
DA:58,1
DA:59,1
DA:60,1
DA:61,1
DA:62,1
DA:63,1
DA:64,1
DA:65,1
DA:66,1
DA:67,1
DA:68,1
DA:69,1
DA:70,1
DA:71,1
DA:72,1
DA:73,1
DA:74,1
DA:75,1
DA:76,1
DA:77,0
DA:78,0
DA:79,0
DA:80,1
DA:81,1
DA:82,1
DA:83,1
DA:84,1
DA:85,1
DA:86,1
DA:87,1
DA:88,3
DA:89,3
DA:90,38
DA:91,38
DA:92,3
DA:93,3
DA:94,1
DA:95,1
DA:96,38
DA:97,38
DA:98,38
DA:99,38
DA:100,38
DA:101,38
DA:102,38
DA:103,0
DA:104,0
DA:105,38
DA:106,38
DA:107,1
DA:108,1
DA:109,1
DA:110,1
DA:111,1
DA:112,4
DA:113,4
DA:114,1
DA:115,1
DA:116,1
DA:117,1
DA:118,4
DA:119,4
DA:120,4
DA:121,4
DA:122,4
DA:123,4
DA:124,4
DA:125,4
DA:126,4
DA:127,4
DA:128,4
DA:129,4
DA:130,4
DA:131,4
DA:132,1
DA:133,1
DA:134,4
DA:135,4
DA:136,1
DA:137,1
DA:138,1
DA:139,4
DA:140,4
DA:141,1
DA:142,1
DA:143,4
DA:144,4
DA:145,3
DA:146,3
DA:147,3
DA:148,3
DA:149,57
DA:150,57
DA:151,57
DA:152,3
DA:153,4
DA:154,4
DA:155,1
DA:156,1
DA:157,4
DA:158,4
DA:159,2
DA:160,2
DA:161,2
DA:162,2
DA:163,4
DA:164,4
DA:165,1
DA:166,1
DA:167,57
DA:168,57
DA:169,57
DA:170,57
DA:171,57
DA:172,57
DA:173,57
DA:174,0
DA:175,0
DA:176,0
DA:177,0
DA:178,57
DA:179,57
DA:180,1
DA:181,1
DA:182,1
DA:183,5
DA:184,15
DA:185,15
DA:186,5
DA:187,1
DA:188,1
DA:189,11797
DA:190,11797
DA:191,1
DA:192,1
DA:193,100
DA:194,100
DA:195,100
DA:196,100
DA:197,1
DA:198,1
DA:199,6053
DA:200,6053
DA:201,1
DA:202,1
DA:203,1
DA:204,1
DA:205,1
DA:206,1
DA:207,1
DA:208,120
DA:209,120
DA:210,1
DA:211,1
DA:212,4
DA:213,4
DA:214,1
DA:215,1
DA:216,1
DA:217,98
DA:218,98
DA:219,1
DA:220,1
DA:221,1
DA:222,98
DA:223,98
DA:224,1
DA:225,1
DA:226,51
DA:227,175
DA:228,175
DA:229,44
DA:230,44
DA:231,1
DA:232,1
DA:233,4
DA:234,4
DA:235,43
DA:236,43
DA:237,4
DA:238,4
DA:239,1
DA:240,1
DA:241,161
DA:242,161
DA:243,161
DA:244,161
DA:245,1
DA:246,1
DA:247,103
DA:248,103
DA:249,1
DA:250,1
DA:251,6000
DA:252,6000
DA:253,1
DA:254,1
DA:255,5559
DA:256,5559
DA:257,5559
DA:258,5559
DA:259,1
DA:260,1
DA:261,56
DA:262,56
DA:263,1
DA:264,1
DA:265,120
DA:266,264
DA:267,264
DA:268,120
DA:269,120
DA:270,120
DA:271,1
DA:272,1
DA:273,57
DA:274,57
DA:275,912
DA:276,912
DA:277,57
DA:278,57
DA:279,1
DA:280,1
DA:281,100
DA:282,100
DA:283,4604
DA:284,4604
DA:285,100
DA:286,100
DA:287,1
DA:288,1
DA:289,1
DA:290,1
DA:291,1
DA:292,1
DA:293,1
DA:294,1
DA:295,1
DA:296,1
DA:297,1
DA:298,1
DA:299,1
DA:300,1
DA:301,1
DA:302,1
DA:303,1
DA:304,1
DA:305,1
LF:305
LH:296
BRDA:6,0,0,161
BRDA:10,1,0,5559
BRDA:15,2,0,1
BRDA:56,3,0,1
BRDA:61,4,0,1
BRDA:66,5,0,1
BRDA:71,6,0,1
BRDA:76,7,0,0
BRDA:87,8,0,3
BRDA:89,9,0,38
BRDA:89,10,0,38
BRDA:95,11,0,38
BRDA:102,12,0,0
BRDA:109,13,0,1
BRDA:111,14,0,4
BRDA:117,15,0,4
BRDA:133,16,0,4
BRDA:135,17,0,1
BRDA:142,18,0,4
BRDA:144,19,0,3
BRDA:148,20,0,59
BRDA:148,21,0,57
BRDA:156,22,0,4
BRDA:158,23,0,2
BRDA:166,24,0,57
BRDA:173,25,0,56
BRDA:173,26,0,0
BRDA:182,27,0,5
BRDA:183,28,0,15
BRDA:183,29,0,15
BRDA:188,30,0,11797
BRDA:192,31,0,100
BRDA:198,32,0,6053
BRDA:207,33,0,120
BRDA:211,34,0,4
BRDA:212,35,0,1
BRDA:212,36,0,3
BRDA:216,37,0,98
BRDA:221,38,0,98
BRDA:225,39,0,51
BRDA:226,40,0,175
BRDA:227,41,0,7
BRDA:229,42,0,44
BRDA:232,43,0,4
BRDA:233,44,0,4
BRDA:234,45,0,43
BRDA:234,46,0,43
BRDA:240,47,0,161
BRDA:246,48,0,103
BRDA:250,49,0,6000
BRDA:254,50,0,5559
BRDA:260,51,0,56
BRDA:264,52,0,120
BRDA:265,53,0,265
BRDA:265,54,0,264
BRDA:272,55,0,57
BRDA:273,56,0,57
BRDA:274,57,0,912
BRDA:274,58,0,912
BRDA:280,59,0,100
BRDA:281,60,0,100
BRDA:282,61,0,4605
BRDA:282,62,0,4604
BRF:63
BRH:60
end_of_record
TN:
SF:src\test\BarebonesFabricCrash.ts
FNF:0
FNH:0
DA:1,1
DA:2,1
DA:3,1
DA:4,1
DA:5,1
DA:6,1
DA:7,1
DA:8,1
DA:9,1
DA:10,1
DA:11,1
DA:12,1
DA:13,1
DA:14,1
DA:15,1
DA:16,1
DA:17,1
DA:18,1
DA:19,1
DA:20,1
DA:21,1
DA:22,1
DA:23,1
DA:24,1
DA:25,1
DA:26,1
DA:27,1
DA:28,1
DA:29,1
DA:30,1
DA:31,1
DA:32,1
DA:33,1
DA:34,1
DA:35,1
DA:36,1
DA:37,1
DA:38,1
DA:39,1
DA:40,1
DA:41,1
DA:42,1
DA:43,1
DA:44,1
DA:45,1
DA:46,1
DA:47,1
DA:48,1
DA:49,1
DA:50,1
DA:51,1
DA:52,1
DA:53,1
DA:54,1
DA:55,1
DA:56,1
DA:57,1
DA:58,1
DA:59,1
DA:60,1
DA:61,1
DA:62,1
DA:63,1
DA:64,1
DA:65,1
DA:66,1
DA:67,1
DA:68,1
DA:69,1
DA:70,1
DA:71,1
DA:72,1
DA:73,1
DA:74,1
DA:75,1
DA:76,1
DA:77,1
DA:78,1
DA:79,1
DA:80,1
DA:81,1
DA:82,1
DA:83,1
DA:84,1
DA:85,1
DA:86,1
DA:87,1
DA:88,1
DA:89,1
DA:90,1
DA:91,1
DA:92,1
DA:93,1
DA:94,1
DA:95,1
DA:96,1
DA:97,1
DA:98,1
DA:99,1
DA:100,1
DA:101,1
DA:102,1
DA:103,1
DA:104,1
DA:105,1
DA:106,1
DA:107,1
DA:108,1
DA:109,1
DA:110,1
DA:111,1
DA:112,1
DA:113,1
DA:114,1
DA:115,1
DA:116,1
DA:117,1
DA:118,1
DA:119,1
DA:120,1
LF:120
LH:120
BRF:0
BRH:0
end_of_record
TN:
SF:src\test\TestBuggyParseCrash.ts
FNF:0
FNH:0
DA:1,1
DA:2,1
DA:3,1
DA:4,1
DA:5,1
DA:6,1
DA:7,1
DA:8,1
DA:9,1
DA:10,1
DA:11,1
DA:12,1
DA:13,1
DA:14,1
DA:15,1
DA:16,1
DA:17,1
DA:18,1
DA:19,1
DA:20,1
DA:21,1
DA:22,1
DA:23,1
DA:24,1
DA:25,1
DA:26,1
DA:27,1
DA:28,1
DA:29,1
DA:30,1
DA:31,1
DA:32,1
DA:33,1
DA:34,1
DA:35,1
DA:36,1
DA:37,1
DA:38,1
DA:39,1
DA:40,1
DA:41,1
DA:42,1
DA:43,1
DA:44,1
DA:45,1
DA:46,1
DA:47,1
DA:48,1
DA:49,1
DA:50,1
DA:51,1
DA:52,1
DA:53,1
DA:54,1
DA:55,1
DA:56,1
DA:57,1
DA:58,1
DA:59,1
DA:60,1
DA:61,1
DA:62,1
DA:63,1
DA:64,1
DA:65,1
DA:66,1
DA:67,1
DA:68,1
DA:69,1
DA:70,1
DA:71,1
DA:72,1
DA:73,1
DA:74,1
DA:75,1
DA:76,1
DA:77,1
DA:78,1
DA:79,1
DA:80,1
DA:81,1
DA:82,1
DA:83,1
DA:84,1
DA:85,1
DA:86,1
DA:87,1
DA:88,1
DA:89,1
DA:90,1
DA:91,1
DA:92,1
DA:93,1
DA:94,1
DA:95,1
DA:96,1
DA:97,1
DA:98,1
DA:99,1
DA:100,1
DA:101,1
DA:102,1
DA:103,1
DA:104,1
DA:105,1
DA:106,1
DA:107,1
DA:108,1
DA:109,1
DA:110,1
DA:111,1
DA:112,1
DA:113,1
DA:114,1
DA:115,1
DA:116,1
DA:117,1
DA:118,1
DA:119,1
DA:120,1
DA:121,1
DA:122,1
DA:123,1
DA:124,1
DA:125,1
DA:126,1
DA:127,1
DA:128,1
DA:129,1
DA:130,1
DA:131,1
DA:132,1
DA:133,1
DA:134,1
DA:135,1
DA:136,1
DA:137,1
DA:138,1
DA:139,1
DA:140,1
DA:141,1
DA:142,1
DA:143,1
DA:144,1
DA:145,1
DA:146,1
DA:147,1
DA:148,1
DA:149,1
DA:150,1
DA:151,1
DA:152,1
DA:153,1
DA:154,1
DA:155,1
DA:156,1
DA:157,1
DA:158,1
DA:159,1
DA:160,1
DA:161,1
DA:162,1
DA:163,1
DA:164,1
DA:165,1
DA:166,1
DA:167,1
DA:168,1
DA:169,1
DA:170,1
DA:171,1
DA:172,1
DA:173,1
DA:174,1
DA:175,1
DA:176,1
DA:177,1
DA:178,1
DA:179,1
DA:180,1
DA:181,1
DA:182,1
DA:183,1
DA:184,1
DA:185,1
DA:186,1
DA:187,1
DA:188,1
DA:189,1
DA:190,1
DA:191,1
DA:192,1
DA:193,1
DA:194,1
DA:195,1
DA:196,1
DA:197,1
DA:198,1
DA:199,1
DA:200,1
DA:201,1
DA:202,1
DA:203,1
DA:204,1
DA:205,1
DA:206,1
DA:207,1
DA:208,1
DA:209,1
DA:210,1
DA:211,1
DA:212,1
DA:213,1
DA:214,1
DA:215,1
DA:216,1
DA:217,1
DA:218,1
DA:219,1
DA:220,1
DA:221,1
DA:222,1
DA:223,1
DA:224,1
DA:225,1
DA:226,1
DA:227,1
DA:228,1
DA:229,1
DA:230,1
DA:231,1
DA:232,1
DA:233,1
DA:234,1
DA:235,1
DA:236,1
DA:237,1
DA:238,1
DA:239,1
DA:240,1
DA:241,1
DA:242,1
DA:243,1
DA:244,1
DA:245,1
DA:246,1
DA:247,1
DA:248,1
DA:249,1
DA:250,1
DA:251,1
DA:252,1
DA:253,1
DA:254,1
DA:255,1
DA:256,1
DA:257,1
DA:258,1
DA:259,1
DA:260,1
DA:261,1
DA:262,1
DA:263,1
DA:264,1
DA:265,1
DA:266,1
DA:267,1
DA:268,1
DA:269,1
DA:270,1
DA:271,1
DA:272,1
DA:273,1
DA:274,1
LF:274
LH:274
BRF:0
BRH:0
end_of_record
TN:
SF:src\test\TestCrashes.ts
FN:1,Object.<anonymous>
FNF:1
FNH:1
FNDA:1,Object.<anonymous>
DA:1,1
DA:2,1
DA:3,1
DA:4,1
DA:5,1
DA:6,1
DA:7,1
DA:8,1
DA:9,1
DA:10,1
DA:11,1
DA:12,1
DA:13,1
DA:14,1
DA:15,1
DA:16,1
DA:17,1
DA:18,1
DA:19,1
DA:20,1
DA:21,1
DA:22,1
DA:23,1
DA:24,1
DA:25,1
DA:26,1
DA:27,1
DA:28,1
DA:29,1
DA:30,1
DA:31,1
DA:32,1
DA:33,1
DA:34,1
DA:35,1
DA:36,1
DA:37,1
DA:38,1
DA:39,1
DA:40,1
DA:41,1
DA:42,1
DA:43,1
DA:44,1
DA:45,1
DA:46,1
DA:47,1
DA:48,1
DA:49,1
DA:50,1
DA:51,1
DA:52,1
DA:53,1
DA:54,1
DA:55,1
DA:56,1
DA:57,1
DA:58,1
DA:59,1
DA:60,1
DA:61,1
DA:62,1
DA:63,1
DA:64,1
DA:65,1
DA:66,1
DA:67,1
DA:68,1
DA:69,1
DA:70,1
DA:71,1
DA:72,1
DA:73,1
DA:74,1
DA:75,1
DA:76,1
DA:77,1
DA:78,1
DA:79,1
DA:80,1
DA:81,1
DA:82,1
DA:83,1
DA:84,1
DA:85,1
DA:86,1
DA:87,1
DA:88,1
DA:89,1
DA:90,1
DA:91,1
DA:92,1
DA:93,1
DA:94,1
DA:95,1
DA:96,1
DA:97,1
DA:98,1
DA:99,1
DA:100,1
DA:101,1
DA:102,1
DA:103,1
DA:104,1
DA:105,1
DA:106,1
DA:107,1
DA:108,1
DA:109,1
DA:110,1
DA:111,1
DA:112,1
DA:113,1
DA:114,1
DA:115,1
DA:116,1
DA:117,1
DA:118,1
DA:119,1
DA:120,1
DA:121,1
DA:122,1
DA:123,1
DA:124,1
DA:125,1
DA:126,1
DA:127,1
DA:128,1
DA:129,1
DA:130,1
DA:131,1
DA:132,1
DA:133,1
DA:134,1
DA:135,1
DA:136,1
DA:137,1
DA:138,1
DA:139,1
DA:140,1
DA:141,1
DA:142,1
DA:143,1
DA:144,1
DA:145,1
DA:146,1
DA:147,1
DA:148,1
DA:149,1
DA:150,1
DA:151,1
DA:152,1
DA:153,1
DA:154,1
DA:155,1
DA:156,1
DA:157,1
DA:158,1
DA:159,1
DA:160,1
DA:161,1
DA:162,1
DA:163,1
DA:164,1
DA:165,1
DA:166,1
DA:167,1
DA:168,1
DA:169,1
DA:170,1
DA:171,1
DA:172,1
DA:173,1
DA:174,1
DA:175,1
DA:176,1
DA:177,1
DA:178,1
DA:179,1
DA:180,1
DA:181,1
DA:182,1
DA:183,1
DA:184,1
DA:185,1
DA:186,1
DA:187,1
DA:188,1
DA:189,1
DA:190,1
DA:191,1
DA:192,1
DA:193,1
DA:194,1
DA:195,1
DA:196,1
DA:197,1
DA:198,1
DA:199,1
DA:200,1
DA:201,1
DA:202,1
DA:203,1
DA:204,1
DA:205,1
DA:206,1
DA:207,1
DA:208,1
DA:209,1
DA:210,1
DA:211,1
DA:212,1
DA:213,1
DA:214,1
DA:215,1
DA:216,1
DA:217,1
DA:218,1
DA:219,1
DA:220,1
DA:221,1
DA:222,1
DA:223,1
DA:224,1
DA:225,1
DA:226,1
DA:227,1
DA:228,1
DA:229,1
DA:230,1
DA:231,1
DA:232,1
DA:233,1
DA:234,1
DA:235,1
DA:236,1
DA:237,1
DA:238,1
DA:239,1
DA:240,1
DA:241,1
DA:242,1
DA:243,1
DA:244,1
DA:245,1
DA:246,1
DA:247,1
DA:248,1
DA:249,1
DA:250,1
DA:251,1
DA:252,1
DA:253,1
DA:254,1
DA:255,1
DA:256,1
DA:257,1
DA:258,1
DA:259,1
DA:260,1
DA:261,1
DA:262,1
DA:263,1
DA:264,1
DA:265,1
DA:266,1
DA:267,1
DA:268,1
DA:269,1
DA:270,1
DA:271,1
DA:272,1
DA:273,1
DA:274,1
DA:275,1
DA:276,1
DA:277,1
DA:278,1
DA:279,1
DA:280,1
DA:281,1
DA:282,1
DA:283,1
DA:284,1
DA:285,1
DA:286,1
DA:287,1
DA:288,1
DA:289,1
DA:290,1
DA:291,1
DA:292,1
DA:293,1
DA:294,1
DA:295,1
DA:296,1
DA:297,1
DA:298,1
DA:299,1
DA:300,1
DA:301,1
DA:302,1
DA:303,1
DA:304,1
DA:305,1
DA:306,1
DA:307,1
DA:308,1
DA:309,1
DA:310,1
DA:311,1
DA:312,1
DA:313,1
DA:314,1
DA:315,1
DA:316,1
DA:317,1
DA:318,1
DA:319,1
DA:320,1
DA:321,1
DA:322,1
DA:323,1
DA:324,1
DA:325,1
DA:326,1
DA:327,1
DA:328,1
DA:329,1
DA:330,1
DA:331,1
DA:332,1
DA:333,1
DA:334,1
DA:335,1
DA:336,1
DA:337,1
DA:338,1
DA:339,1
DA:340,1
DA:341,1
DA:342,1
DA:343,1
DA:344,1
DA:345,1
DA:346,1
DA:347,1
DA:348,1
DA:349,1
DA:350,1
DA:351,1
DA:352,1
DA:353,1
DA:354,1
DA:355,1
DA:356,1
DA:357,1
DA:358,1
DA:359,1
DA:360,1
DA:361,1
DA:362,1
DA:363,1
DA:364,1
DA:365,1
DA:366,1
DA:367,1
DA:368,1
DA:369,1
DA:370,1
DA:371,1
DA:372,1
DA:373,1
DA:374,1
DA:375,1
DA:376,1
DA:377,1
DA:378,1
DA:379,1
DA:380,1
DA:381,1
DA:382,1
DA:383,1
DA:384,1
DA:385,1
DA:386,1
DA:387,1
DA:388,1
DA:389,1
DA:390,1
DA:391,1
DA:392,1
DA:393,1
DA:394,1
DA:395,1
DA:396,1
DA:397,1
DA:398,1
DA:399,1
DA:400,1
DA:401,1
DA:402,1
DA:403,1
DA:404,1
DA:405,1
DA:406,1
DA:407,1
DA:408,1
DA:409,1
DA:410,1
DA:411,1
DA:412,1
DA:413,1
DA:414,1
DA:415,1
DA:416,1
DA:417,1
DA:418,1
DA:419,1
DA:420,1
DA:421,1
DA:422,1
DA:423,1
DA:424,1
DA:425,1
DA:426,1
DA:427,1
DA:428,1
DA:429,1
DA:430,1
DA:431,1
DA:432,1
DA:433,1
DA:434,1
DA:435,1
DA:436,1
LF:436
LH:436
BRDA:1,0,0,1
BRDA:1,1,0,1
BRF:2
BRH:2
end_of_record
