TN:
SF:src\model\CrashReportEnricher.ts
FN:21,parseCrashReportRich
FN:25,enrichCrashReport
FN:43,getCrashContext
FN:59,parseOperatingSystem
FN:79,getLoader
FN:99,parseCrashDate
FN:119,enrichCrashReportSection
FN:132,enrichStackTrace
FN:140,enrichStackTraceMessage
FN:149,enrichStackTraceElements
FN:168,parseForgeTraceMetadata
FN:209,parseTraceCall
FN:218,parseTraceLine
FN:227,splitForgeMetadata
FN:235,removeSuffix
FN:239,parseJavaMethod
FN:249,parseJavaClass
FN:261,getSystemDetails
FN:265,getMods
FN:279,getSuspectedModIds
FN:290,parseFabricMods
FN:317,removeLastChar
FN:321,withoutLast
FN:325,last
FN:329,parseForgeMods
FNF:25
FNH:21
FNDA:0,parseCrashReportRich
FNDA:1,enrichCrashReport
FNDA:1,getCrashContext
FNDA:1,parseOperatingSystem
FNDA:1,getLoader
FNDA:1,parseCrashDate
FNDA:5,enrichCrashReportSection
FNDA:3,enrichStackTrace
FNDA:3,enrichStackTraceMessage
FNDA:5,enrichStackTraceElements
FNDA:0,parseForgeTraceMetadata
FNDA:68,parseTraceCall
FNDA:68,parseTraceLine
FNDA:0,splitForgeMetadata
FNDA:3,removeSuffix
FNDA:68,parseJavaMethod
FNDA:71,parseJavaClass
FNDA:2,getSystemDetails
FNDA:1,getMods
FNDA:1,getSuspectedModIds
FNDA:1,parseFabricMods
FNDA:184,removeLastChar
FNDA:139,withoutLast
FNDA:255,last
FNDA:0,parseForgeMods
DA:1,1
DA:2,1
DA:3,1
DA:4,1
DA:5,1
DA:6,1
DA:7,1
DA:8,1
DA:9,1
DA:10,1
DA:11,1
DA:12,1
DA:13,1
DA:14,1
DA:15,1
DA:16,1
DA:17,1
DA:18,1
DA:19,1
DA:20,1
DA:21,1
DA:22,0
DA:23,0
DA:24,1
DA:25,1
DA:26,1
DA:27,1
DA:28,1
DA:29,1
DA:30,1
DA:31,1
DA:32,1
DA:33,1
DA:34,1
DA:35,1
DA:36,1
DA:37,1
DA:38,1
DA:39,1
DA:40,1
DA:41,1
DA:42,1
DA:43,1
DA:44,1
DA:45,1
DA:46,1
DA:47,1
DA:48,1
DA:49,1
DA:50,1
DA:51,1
DA:52,1
DA:53,1
DA:54,1
DA:55,1
DA:56,1
DA:57,1
DA:58,1
DA:59,1
DA:60,1
DA:61,1
DA:62,1
DA:63,1
DA:64,1
DA:65,1
DA:66,1
DA:67,1
DA:68,1
DA:69,1
DA:70,1
DA:71,0
DA:72,0
DA:73,0
DA:74,0
DA:75,0
DA:76,0
DA:77,1
DA:78,1
DA:79,1
DA:80,1
DA:81,1
DA:82,0
DA:83,0
DA:84,0
DA:85,0
DA:86,0
DA:87,0
DA:88,0
DA:89,1
DA:90,1
DA:91,1
DA:92,1
DA:93,1
DA:94,1
DA:95,1
DA:96,1
DA:97,1
DA:98,1
DA:99,1
DA:100,1
DA:101,1
DA:102,1
DA:103,1
DA:104,1
DA:105,1
DA:106,1
DA:107,1
DA:108,1
DA:109,1
DA:110,1
DA:111,1
DA:112,1
DA:113,1
DA:114,1
DA:115,1
DA:116,1
DA:117,1
DA:118,1
DA:119,5
DA:120,5
DA:121,5
DA:122,5
DA:123,75
DA:124,75
DA:125,4
DA:126,4
DA:127,4
DA:128,5
DA:129,5
DA:130,5
DA:131,1
DA:132,3
DA:133,3
DA:134,3
DA:135,3
DA:136,3
DA:137,3
DA:138,3
DA:139,1
DA:140,3
DA:141,3
DA:142,3
DA:143,3
DA:144,3
DA:145,3
DA:146,3
DA:147,3
DA:148,1
DA:149,5
DA:150,5
DA:151,5
DA:152,72
DA:153,72
DA:154,70
DA:155,72
DA:156,68
DA:157,68
DA:158,72
DA:159,72
DA:160,72
DA:161,72
DA:162,72
DA:163,72
DA:164,72
DA:165,5
DA:166,5
DA:167,1
DA:168,0
DA:169,0
DA:170,0
DA:171,0
DA:172,0
DA:173,0
DA:174,0
DA:175,0
DA:176,0
DA:177,0
DA:178,0
DA:179,0
DA:180,0
DA:181,0
DA:182,0
DA:183,0
DA:184,0
DA:185,0
DA:186,0
DA:187,0
DA:188,0
DA:189,0
DA:190,0
DA:191,0
DA:192,0
DA:193,0
DA:194,0
DA:195,0
DA:196,0
DA:197,0
DA:198,0
DA:199,0
DA:200,0
DA:201,0
DA:202,0
DA:203,0
DA:204,0
DA:205,0
DA:206,0
DA:207,0
DA:208,1
DA:209,68
DA:210,68
DA:211,68
DA:212,68
DA:213,68
DA:214,68
DA:215,68
DA:216,68
DA:217,1
DA:218,68
DA:219,68
DA:220,68
DA:221,68
DA:222,68
DA:223,68
DA:224,68
DA:225,68
DA:226,1
DA:227,0
DA:228,0
DA:229,0
DA:230,0
DA:231,0
DA:232,0
DA:233,0
DA:234,1
DA:235,3
DA:236,3
DA:237,3
DA:238,1
DA:239,68
DA:240,68
DA:241,68
DA:242,68
DA:243,68
DA:244,68
DA:245,68
DA:246,68
DA:247,68
DA:248,1
DA:249,71
DA:250,71
DA:251,71
DA:252,71
DA:253,71
DA:254,71
DA:255,1
DA:256,1
DA:257,1
DA:258,1
DA:259,1
DA:260,1
DA:261,2
DA:262,2
DA:263,2
DA:264,1
DA:265,1
DA:266,1
DA:267,1
DA:268,1
DA:269,1
DA:270,1
DA:271,1
DA:272,1
DA:273,1
DA:274,1
DA:275,1
DA:276,1
DA:277,1
DA:278,1
DA:279,1
DA:280,1
DA:281,1
DA:282,1
DA:283,1
DA:284,1
DA:285,1
DA:286,1
DA:287,1
DA:288,1
DA:289,1
DA:290,1
DA:291,1
DA:292,1
DA:293,1
DA:294,1
DA:295,1
DA:296,1
DA:297,116
DA:298,116
DA:299,116
DA:300,116
DA:301,116
DA:302,116
DA:303,116
DA:304,116
DA:305,116
DA:306,116
DA:307,116
DA:308,116
DA:309,116
DA:310,116
DA:311,116
DA:312,116
DA:313,116
DA:314,116
DA:315,1
DA:316,1
DA:317,184
DA:318,184
DA:319,184
DA:320,1
DA:321,139
DA:322,139
DA:323,139
DA:324,1
DA:325,255
DA:326,255
DA:327,255
DA:328,1
DA:329,0
DA:330,0
DA:331,0
DA:332,0
DA:333,0
DA:334,0
DA:335,0
DA:336,0
DA:337,0
DA:338,0
DA:339,0
DA:340,0
DA:341,0
DA:342,0
DA:343,0
DA:344,0
DA:345,0
DA:346,0
DA:347,0
LF:347
LH:266
BRDA:25,0,0,1
BRDA:32,1,0,5
BRDA:43,2,0,1
BRDA:59,3,0,1
BRDA:65,4,0,0
BRDA:70,5,0,0
BRDA:79,6,0,1
BRDA:81,7,0,0
BRDA:91,8,0,76
BRDA:99,9,0,1
BRDA:103,10,0,0
BRDA:104,11,0,0
BRDA:108,12,0,0
BRDA:111,13,0,0
BRDA:119,14,0,5
BRDA:120,15,0,1
BRDA:120,16,0,4
BRDA:122,17,0,75
BRDA:125,18,0,4
BRDA:128,19,0,2
BRDA:128,20,0,3
BRDA:132,21,0,3
BRDA:134,22,0,2
BRDA:134,23,0,1
BRDA:140,24,0,3
BRDA:149,25,0,5
BRDA:151,26,0,72
BRDA:153,27,0,2
BRDA:153,28,0,70
BRDA:155,29,0,2
BRDA:155,30,0,68
BRDA:158,31,0,0
BRDA:158,32,0,68
BRDA:163,33,0,0
BRDA:163,34,0,68
BRDA:165,35,0,72
BRDA:165,36,0,70
BRDA:209,37,0,68
BRDA:218,38,0,68
BRDA:222,39,0,64
BRDA:222,40,0,4
BRDA:223,41,0,64
BRDA:223,42,0,4
BRDA:235,43,0,3
BRDA:236,44,0,2
BRDA:236,45,0,1
BRDA:239,46,0,68
BRDA:249,47,0,71
BRDA:261,48,0,2
BRDA:262,49,0,8
BRDA:265,50,0,1
BRDA:273,51,0,0
BRDA:273,52,0,0
BRDA:276,53,0,0
BRDA:279,54,0,1
BRDA:280,55,0,0
BRDA:282,56,0,0
BRDA:287,57,0,2
BRDA:290,58,0,1
BRDA:296,59,0,116
BRDA:317,60,0,184
BRDA:321,61,0,139
BRDA:325,62,0,255
BRF:63
BRH:49
end_of_record
TN:
SF:src\model\RichCrashReport.ts
FN:41,unfoldRichStackTrace
FN:86,javaClassFullName
FN:90,javaMethodSimpleName
FN:94,javaMethodFullNameName
FNF:4
FNH:0
FNDA:0,unfoldRichStackTrace
FNDA:0,javaClassFullName
FNDA:0,javaMethodSimpleName
FNDA:0,javaMethodFullNameName
DA:1,1
DA:2,1
DA:3,1
DA:4,1
DA:5,1
DA:6,1
DA:7,1
DA:8,1
DA:9,1
DA:10,1
DA:11,1
DA:12,1
DA:13,1
DA:14,1
DA:15,1
DA:16,1
DA:17,1
DA:18,1
DA:19,1
DA:20,1
DA:21,1
DA:22,1
DA:23,1
DA:24,1
DA:25,1
DA:26,1
DA:27,1
DA:28,1
DA:29,1
DA:30,1
DA:31,1
DA:32,1
DA:33,1
DA:34,1
DA:35,1
DA:36,1
DA:37,1
DA:38,1
DA:39,1
DA:40,1
DA:41,1
DA:42,0
DA:43,0
DA:44,0
DA:45,0
DA:46,0
DA:47,0
DA:48,0
DA:49,0
DA:50,1
DA:51,1
DA:52,1
DA:53,1
DA:54,1
DA:55,1
DA:56,1
DA:57,1
DA:58,1
DA:59,1
DA:60,1
DA:61,1
DA:62,1
DA:63,1
DA:64,1
DA:65,1
DA:66,1
DA:67,1
DA:68,1
DA:69,1
DA:70,1
DA:71,1
DA:72,1
DA:73,1
DA:74,1
DA:75,1
DA:76,1
DA:77,1
DA:78,1
DA:79,1
DA:80,1
DA:81,1
DA:82,1
DA:83,1
DA:84,1
DA:85,1
DA:86,1
DA:87,0
DA:88,0
DA:89,1
DA:90,1
DA:91,0
DA:92,0
DA:93,1
DA:94,1
DA:95,0
DA:96,0
DA:97,1
DA:98,1
DA:99,1
DA:100,1
DA:101,1
DA:102,1
DA:103,1
DA:104,1
DA:105,1
DA:106,1
DA:107,1
DA:108,1
DA:109,1
DA:110,1
DA:111,1
DA:112,1
DA:113,1
DA:114,1
DA:115,1
DA:116,1
DA:117,1
DA:118,1
DA:119,1
DA:120,1
DA:121,1
DA:122,1
DA:123,1
DA:124,1
DA:125,1
DA:126,1
LF:126
LH:112
BRDA:107,0,0,1
BRDA:119,1,0,1
BRF:2
BRH:2
end_of_record
TN:
SF:src\parser\CrashReportParser.ts
FN:6,StringBuilder
FN:10,append
FN:15,parseCrashReport
FN:56,parseWittyComment
FN:61,parseTime
FN:66,parseDescription
FN:71,parseStackTrace
FN:87,parseStackTraceElements
FN:95,parseStackTraceElement
FN:109,parseSections
FN:117,parseSection
FN:133,parseSectionThread
FN:142,parseSectionDetails
FN:156,parseSectionStacktrace
FN:166,parseSectionElement
FN:182,skipChars
FN:188,current
FN:192,readLine
FN:198,skip
FN:207,skipLine
FN:212,skipString
FN:217,skipNumber
FN:221,nextIsString
FN:228,readUntilNextChar
FN:236,buildString
FN:242,next
FN:246,isEof
FN:250,readCurrent
FN:256,currentAndNext
FN:260,skipUntilAfterChar
FN:268,readUntilChar
FN:276,readUntilEither
FNF:32
FNH:32
FNDA:350,StringBuilder
FNDA:15914,append
FNDA:1,parseCrashReport
FNDA:1,parseWittyComment
FNDA:1,parseTime
FNDA:1,parseDescription
FNDA:3,parseStackTrace
FNDA:5,parseStackTraceElements
FNDA:72,parseStackTraceElement
FNDA:1,parseSections
FNDA:5,parseSection
FNDA:5,parseSectionThread
FNDA:5,parseSectionDetails
FNDA:5,parseSectionStacktrace
FNDA:75,parseSectionElement
FNDA:6,skipChars
FNDA:33350,current
FNDA:270,readLine
FNDA:17056,skip
FNDA:294,skipLine
FNDA:152,skipString
FNDA:152,skipNumber
FNDA:90,nextIsString
FNDA:5,readUntilNextChar
FNDA:350,buildString
FNDA:248,next
FNDA:16850,isEof
FNDA:15914,readCurrent
FNDA:190,currentAndNext
FNDA:294,skipUntilAfterChar
FNDA:75,readUntilChar
FNDA:270,readUntilEither
DA:1,1
DA:2,1
DA:3,1
DA:4,1
DA:5,1
DA:6,1
DA:7,350
DA:8,350
DA:9,1
DA:10,1
DA:11,15914
DA:12,15914
DA:13,1
DA:14,1
DA:15,1
DA:16,1
DA:17,1
DA:18,1
DA:19,1
DA:20,1
DA:21,1
DA:22,1
DA:23,1
DA:24,1
DA:25,1
DA:26,1
DA:27,1
DA:28,1
DA:29,1
DA:30,1
DA:31,1
DA:32,1
DA:33,1
DA:34,1
DA:35,1
DA:36,1
DA:37,1
DA:38,1
DA:39,1
DA:40,1
DA:41,1
DA:42,1
DA:43,1
DA:44,1
DA:45,1
DA:46,1
DA:47,1
DA:48,1
DA:49,1
DA:50,1
DA:51,1
DA:52,1
DA:53,1
DA:54,1
DA:55,1
DA:56,1
DA:57,1
DA:58,1
DA:59,1
DA:60,1
DA:61,1
DA:62,1
DA:63,1
DA:64,1
DA:65,1
DA:66,1
DA:67,1
DA:68,1
DA:69,1
DA:70,1
DA:71,1
DA:72,3
DA:73,3
DA:74,3
DA:75,3
DA:76,3
DA:77,2
DA:78,2
DA:79,2
DA:80,3
DA:81,3
DA:82,3
DA:83,3
DA:84,3
DA:85,3
DA:86,1
DA:87,1
DA:88,5
DA:89,5
DA:90,72
DA:91,72
DA:92,5
DA:93,5
DA:94,1
DA:95,1
DA:96,72
DA:97,72
DA:98,72
DA:99,72
DA:100,72
DA:101,70
DA:102,72
DA:103,2
DA:104,2
DA:105,72
DA:106,72
DA:107,1
DA:108,1
DA:109,1
DA:110,1
DA:111,1
DA:112,5
DA:113,5
DA:114,1
DA:115,1
DA:116,1
DA:117,1
DA:118,5
DA:119,5
DA:120,5
DA:121,5
DA:122,5
DA:123,5
DA:124,5
DA:125,5
DA:126,5
DA:127,5
DA:128,5
DA:129,5
DA:130,5
DA:131,5
DA:132,1
DA:133,1
DA:134,5
DA:135,5
DA:136,1
DA:137,1
DA:138,1
DA:139,5
DA:140,5
DA:141,1
DA:142,1
DA:143,5
DA:144,5
DA:145,4
DA:146,4
DA:147,4
DA:148,4
DA:149,75
DA:150,75
DA:151,75
DA:152,4
DA:153,5
DA:154,5
DA:155,1
DA:156,1
DA:157,5
DA:158,5
DA:159,2
DA:160,2
DA:161,2
DA:162,2
DA:163,5
DA:164,5
DA:165,1
DA:166,1
DA:167,75
DA:168,75
DA:169,75
DA:170,75
DA:171,75
DA:172,75
DA:173,75
DA:174,116
DA:175,116
DA:176,116
DA:177,116
DA:178,75
DA:179,75
DA:180,1
DA:181,1
DA:182,1
DA:183,6
DA:184,18
DA:185,18
DA:186,6
DA:187,1
DA:188,1
DA:189,33350
DA:190,33350
DA:191,1
DA:192,1
DA:193,270
DA:194,270
DA:195,270
DA:196,270
DA:197,1
DA:198,1
DA:199,17056
DA:200,17056
DA:201,1
DA:202,1
DA:203,1
DA:204,1
DA:205,1
DA:206,1
DA:207,1
DA:208,294
DA:209,294
DA:210,1
DA:211,1
DA:212,1
DA:213,152
DA:214,152
DA:215,1
DA:216,1
DA:217,1
DA:218,152
DA:219,152
DA:220,1
DA:221,1
DA:222,90
DA:223,305
DA:224,305
DA:225,79
DA:226,79
DA:227,1
DA:228,1
DA:229,5
DA:230,5
DA:231,53
DA:232,53
DA:233,5
DA:234,5
DA:235,1
DA:236,1
DA:237,350
DA:238,350
DA:239,350
DA:240,350
DA:241,1
DA:242,1
DA:243,248
DA:244,248
DA:245,1
DA:246,1
DA:247,16850
DA:248,16850
DA:249,1
DA:250,1
DA:251,15914
DA:252,15914
DA:253,15914
DA:254,15914
DA:255,1
DA:256,1
DA:257,190
DA:258,190
DA:259,1
DA:260,1
DA:261,294
DA:262,567
DA:263,567
DA:264,294
DA:265,294
DA:266,294
DA:267,1
DA:268,1
DA:269,75
DA:270,75
DA:271,1182
DA:272,1182
DA:273,75
DA:274,75
DA:275,1
DA:276,1
DA:277,270
DA:278,270
DA:279,14679
DA:280,14679
DA:281,270
DA:282,270
DA:283,1
DA:284,1
DA:285,1
DA:286,1
DA:287,1
DA:288,1
DA:289,1
DA:290,1
DA:291,1
DA:292,1
DA:293,1
DA:294,1
DA:295,1
DA:296,1
DA:297,1
DA:298,1
DA:299,1
DA:300,1
DA:301,1
LF:301
LH:301
BRDA:6,0,0,350
BRDA:10,1,0,15914
BRDA:15,2,0,1
BRDA:56,3,0,1
BRDA:61,4,0,1
BRDA:66,5,0,1
BRDA:71,6,0,3
BRDA:76,7,0,2
BRDA:87,8,0,5
BRDA:89,9,0,72
BRDA:89,10,0,72
BRDA:95,11,0,72
BRDA:100,12,0,70
BRDA:102,13,0,2
BRDA:109,14,0,1
BRDA:111,15,0,5
BRDA:117,16,0,5
BRDA:133,17,0,5
BRDA:135,18,0,1
BRDA:142,19,0,5
BRDA:144,20,0,4
BRDA:148,21,0,78
BRDA:148,22,0,75
BRDA:156,23,0,5
BRDA:158,24,0,2
BRDA:166,25,0,75
BRDA:173,26,0,190
BRDA:173,27,0,116
BRDA:182,28,0,6
BRDA:183,29,0,18
BRDA:183,30,0,18
BRDA:188,31,0,33350
BRDA:192,32,0,270
BRDA:198,33,0,17056
BRDA:207,34,0,294
BRDA:212,35,0,152
BRDA:217,36,0,152
BRDA:221,37,0,90
BRDA:222,38,0,305
BRDA:223,39,0,11
BRDA:225,40,0,79
BRDA:228,41,0,5
BRDA:229,42,0,5
BRDA:230,43,0,53
BRDA:230,44,0,53
BRDA:236,45,0,350
BRDA:242,46,0,248
BRDA:246,47,0,16850
BRDA:250,48,0,15914
BRDA:256,49,0,190
BRDA:260,50,0,294
BRDA:261,51,0,569
BRDA:261,52,0,567
BRDA:268,53,0,75
BRDA:269,54,0,75
BRDA:270,55,0,1182
BRDA:270,56,0,1182
BRDA:276,57,0,270
BRDA:277,58,0,270
BRDA:278,59,0,14680
BRDA:278,60,0,14679
BRF:61
BRH:61
end_of_record
TN:
SF:src\test\TestCrashes.ts
FNF:0
FNH:0
DA:1,1
DA:2,1
DA:3,1
DA:4,1
DA:5,1
DA:6,1
DA:7,1
DA:8,1
DA:9,1
DA:10,1
DA:11,1
DA:12,1
DA:13,1
DA:14,1
DA:15,1
DA:16,1
DA:17,1
DA:18,1
DA:19,1
DA:20,1
DA:21,1
DA:22,1
DA:23,1
DA:24,1
DA:25,1
DA:26,1
DA:27,1
DA:28,1
DA:29,1
DA:30,1
DA:31,1
DA:32,1
DA:33,1
DA:34,1
DA:35,1
DA:36,1
DA:37,1
DA:38,1
DA:39,1
DA:40,1
DA:41,1
DA:42,1
DA:43,1
DA:44,1
DA:45,1
DA:46,1
DA:47,1
DA:48,1
DA:49,1
DA:50,1
DA:51,1
DA:52,1
DA:53,1
DA:54,1
DA:55,1
DA:56,1
DA:57,1
DA:58,1
DA:59,1
DA:60,1
DA:61,1
DA:62,1
DA:63,1
DA:64,1
DA:65,1
DA:66,1
DA:67,1
DA:68,1
DA:69,1
DA:70,1
DA:71,1
DA:72,1
DA:73,1
DA:74,1
DA:75,1
DA:76,1
DA:77,1
DA:78,1
DA:79,1
DA:80,1
DA:81,1
DA:82,1
DA:83,1
DA:84,1
DA:85,1
DA:86,1
DA:87,1
DA:88,1
DA:89,1
DA:90,1
DA:91,1
DA:92,1
DA:93,1
DA:94,1
DA:95,1
DA:96,1
DA:97,1
DA:98,1
DA:99,1
DA:100,1
DA:101,1
DA:102,1
DA:103,1
DA:104,1
DA:105,1
DA:106,1
DA:107,1
DA:108,1
DA:109,1
DA:110,1
DA:111,1
DA:112,1
DA:113,1
DA:114,1
DA:115,1
DA:116,1
DA:117,1
DA:118,1
DA:119,1
DA:120,1
DA:121,1
DA:122,1
DA:123,1
DA:124,1
DA:125,1
DA:126,1
DA:127,1
DA:128,1
DA:129,1
DA:130,1
DA:131,1
DA:132,1
DA:133,1
DA:134,1
DA:135,1
DA:136,1
DA:137,1
DA:138,1
DA:139,1
DA:140,1
DA:141,1
DA:142,1
DA:143,1
DA:144,1
DA:145,1
DA:146,1
DA:147,1
DA:148,1
DA:149,1
DA:150,1
DA:151,1
DA:152,1
DA:153,1
DA:154,1
DA:155,1
DA:156,1
DA:157,1
DA:158,1
DA:159,1
DA:160,1
DA:161,1
DA:162,1
DA:163,1
DA:164,1
DA:165,1
DA:166,1
DA:167,1
DA:168,1
DA:169,1
DA:170,1
DA:171,1
DA:172,1
DA:173,1
DA:174,1
DA:175,1
DA:176,1
DA:177,1
DA:178,1
DA:179,1
DA:180,1
DA:181,1
DA:182,1
DA:183,1
DA:184,1
DA:185,1
DA:186,1
DA:187,1
DA:188,1
DA:189,1
DA:190,1
DA:191,1
DA:192,1
DA:193,1
DA:194,1
DA:195,1
DA:196,1
DA:197,1
DA:198,1
DA:199,1
DA:200,1
DA:201,1
DA:202,1
DA:203,1
DA:204,1
DA:205,1
DA:206,1
DA:207,1
DA:208,1
DA:209,1
DA:210,1
DA:211,1
DA:212,1
DA:213,1
DA:214,1
DA:215,1
DA:216,1
DA:217,1
DA:218,1
DA:219,1
DA:220,1
DA:221,1
DA:222,1
DA:223,1
DA:224,1
DA:225,1
DA:226,1
DA:227,1
DA:228,1
DA:229,1
DA:230,1
DA:231,1
DA:232,1
DA:233,1
DA:234,1
DA:235,1
DA:236,1
DA:237,1
DA:238,1
DA:239,1
DA:240,1
DA:241,1
DA:242,1
DA:243,1
DA:244,1
DA:245,1
DA:246,1
DA:247,1
DA:248,1
DA:249,1
DA:250,1
DA:251,1
DA:252,1
DA:253,1
DA:254,1
DA:255,1
DA:256,1
DA:257,1
DA:258,1
DA:259,1
DA:260,1
DA:261,1
DA:262,1
DA:263,1
DA:264,1
DA:265,1
DA:266,1
DA:267,1
DA:268,1
DA:269,1
DA:270,1
DA:271,1
DA:272,1
DA:273,1
DA:274,1
DA:275,1
DA:276,1
DA:277,1
DA:278,1
DA:279,1
DA:280,1
DA:281,1
DA:282,1
DA:283,1
DA:284,1
DA:285,1
DA:286,1
DA:287,1
DA:288,1
DA:289,1
DA:290,1
DA:291,1
DA:292,1
DA:293,1
DA:294,1
DA:295,1
DA:296,1
DA:297,1
DA:298,1
DA:299,1
DA:300,1
DA:301,1
DA:302,1
DA:303,1
DA:304,1
DA:305,1
DA:306,1
DA:307,1
DA:308,1
DA:309,1
DA:310,1
DA:311,1
DA:312,1
DA:313,1
DA:314,1
DA:315,1
DA:316,1
DA:317,1
DA:318,1
DA:319,1
DA:320,1
DA:321,1
DA:322,1
DA:323,1
DA:324,1
DA:325,1
DA:326,1
DA:327,1
DA:328,1
DA:329,1
DA:330,1
DA:331,1
DA:332,1
DA:333,1
DA:334,1
DA:335,1
DA:336,1
DA:337,1
DA:338,1
DA:339,1
DA:340,1
DA:341,1
DA:342,1
DA:343,1
DA:344,1
DA:345,1
DA:346,1
DA:347,1
DA:348,1
DA:349,1
DA:350,1
DA:351,1
DA:352,1
DA:353,1
DA:354,1
DA:355,1
DA:356,1
DA:357,1
DA:358,1
DA:359,1
DA:360,1
DA:361,1
DA:362,1
DA:363,1
DA:364,1
DA:365,1
DA:366,1
DA:367,1
DA:368,1
DA:369,1
DA:370,1
DA:371,1
DA:372,1
DA:373,1
DA:374,1
DA:375,1
DA:376,1
DA:377,1
DA:378,1
DA:379,1
DA:380,1
DA:381,1
DA:382,1
DA:383,1
DA:384,1
DA:385,1
DA:386,1
DA:387,1
DA:388,1
DA:389,1
DA:390,1
DA:391,1
DA:392,1
DA:393,1
DA:394,1
DA:395,1
DA:396,1
DA:397,1
DA:398,1
DA:399,1
DA:400,1
DA:401,1
DA:402,1
DA:403,1
DA:404,1
DA:405,1
DA:406,1
DA:407,1
DA:408,1
DA:409,1
DA:410,1
DA:411,1
DA:412,1
DA:413,1
DA:414,1
DA:415,1
DA:416,1
DA:417,1
DA:418,1
DA:419,1
DA:420,1
DA:421,1
DA:422,1
DA:423,1
DA:424,1
DA:425,1
DA:426,1
DA:427,1
DA:428,1
DA:429,1
DA:430,1
DA:431,1
DA:432,1
DA:433,1
DA:434,1
DA:435,1
DA:436,1
LF:436
LH:436
BRF:0
BRH:0
end_of_record
